<?xml version="1.0" encoding="UTF-8"?>
<!-- Generated by org.testng.reporters.JUnitXMLReporter -->
<testsuite ignored="2" hostname="DESKTOP-GJ2PH1P" failures="0" tests="1" name="Default test" time="11.124" errors="0" timestamp="2022-04-07T00:30:10 CDT">
  <testcase classname="tests.testsOfRegisterPage" name="TC_3_listWomen" time="6.411"/>
  <testcase classname="tests.testsOfRegisterPage" name="TC_2_todayDeal" time="0.0">
    <ignored/>
  </testcase> <!-- TC_2_todayDeal -->
  <testcase classname="tests.testsOfRegisterPage" name="TC_1_registerPage" time="0.0">
    <ignored/>
  </testcase> <!-- TC_1_registerPage -->
</testsuite> <!-- Default test -->
