<?xml version="1.0" encoding="UTF-8"?>
<!-- Generated by org.testng.reporters.JUnitXMLReporter -->
<testsuite ignored="2" hostname="MSI" failures="0" tests="1" name="Default test" time="25.828" errors="0" timestamp="2022-12-29T17:33:01 EST">
  <testcase classname="tests.TCs_Search" name="TC_3_flowerPotFromPatioMenu" time="23.522"/>
  <testcase classname="tests.TCs_Search" name="TC_1_searchPerfume" time="0.0">
    <ignored/>
  </testcase> <!-- TC_1_searchPerfume -->
  <testcase classname="tests.TCs_Search" name="TC_2_searchSizeOfCoffeeMakerTypes" time="0.0">
    <ignored/>
  </testcase> <!-- TC_2_searchSizeOfCoffeeMakerTypes -->
</testsuite> <!-- Default test -->
