<?xml version="1.0" encoding="UTF-8"?>
<!-- Generated by org.testng.reporters.JUnitXMLReporter -->
<testsuite ignored="0" hostname="MSI" failures="0" tests="3" name="HeaderTests" time="9.372" errors="0" timestamp="2022-12-08T15:59:14 EST">
  <testcase classname="tests.TCs_Header" name="TC_1_getHeaderList" time="2.973"/>
  <testcase classname="tests.TCs_Header" name="TC_2_getAllMenuList" time="1.859"/>
  <testcase classname="tests.TCs_Header" name="TC_3_selectFromAllList" time="2.269"/>
</testsuite> <!-- HeaderTests -->
