<?xml version="1.0" encoding="UTF-8"?>
<testng-results ignored="0" total="2" passed="2" failed="0" skipped="0">
  <reporter-output>
  </reporter-output>
  <suite started-at="2022-12-09T14:55:24 EST" name="SuiteSearch" finished-at="2022-12-09T14:55:36 EST" duration-ms="11137">
    <groups>
    </groups>
    <test started-at="2022-12-09T14:55:24 EST" name="SearchTests" finished-at="2022-12-09T14:55:36 EST" duration-ms="11137">
      <class name="tests.TCs_Search">
        <test-method is-config="true" signature="initializeBrowser()[pri:0, instance:tests.TCs_Search@12aba8be]" started-at="2022-12-09T14:55:24 EST" name="initializeBrowser" finished-at="2022-12-09T14:55:26 EST" duration-ms="1758" status="PASS">
          <reporter-output>
          </reporter-output>
        </test-method> <!-- initializeBrowser -->
        <test-method signature="TC_1_searchPerfume()[pri:0, instance:tests.TCs_Search@12aba8be]" started-at="2022-12-09T14:55:26 EST" name="TC_1_searchPerfume" finished-at="2022-12-09T14:55:33 EST" duration-ms="7097" status="PASS">
          <reporter-output>
          </reporter-output>
        </test-method> <!-- TC_1_searchPerfume -->
        <test-method signature="searchSizeOfCoffeeMakerTypes()[pri:0, instance:tests.TCs_Search@12aba8be]" started-at="2022-12-09T14:55:33 EST" name="searchSizeOfCoffeeMakerTypes" finished-at="2022-12-09T14:55:35 EST" duration-ms="1919" status="PASS">
          <reporter-output>
          </reporter-output>
        </test-method> <!-- searchSizeOfCoffeeMakerTypes -->
        <test-method is-config="true" signature="exitBrowser()[pri:0, instance:tests.TCs_Search@12aba8be]" started-at="2022-12-09T14:55:35 EST" name="exitBrowser" finished-at="2022-12-09T14:55:36 EST" duration-ms="326" status="PASS">
          <reporter-output>
          </reporter-output>
        </test-method> <!-- exitBrowser -->
      </class> <!-- tests.TCs_Search -->
    </test> <!-- SearchTests -->
  </suite> <!-- SuiteSearch -->
</testng-results>
