<?xml version="1.0" encoding="UTF-8"?>
<!-- Generated by org.testng.reporters.JUnitXMLReporter -->
<testsuite ignored="0" hostname="MSI" failures="0" tests="6" name="SignUpTests" time="16.584" errors="0" timestamp="2022-12-07T15:40:55 EST">
  <testcase classname="tests.TCs_signUp" name="TC_1_emptyFirstAndLastName" time="2.585"/>
  <testcase classname="tests.TCs_signUp" name="TC_2_emptyMobileOrEmail" time="2.25"/>
  <testcase classname="tests.TCs_signUp" name="TC_3_emptyPassword" time="2.315"/>
  <testcase classname="tests.TCs_signUp" name="TC_4_emptyPasswordAgain" time="2.56"/>
  <testcase classname="tests.TCs_signUp" name="TC_5_wrongPasswordAgain" time="2.624"/>
  <testcase classname="tests.TCs_signUp" name="TC_6_invalidEmail" time="2.183"/>
</testsuite> <!-- SignUpTests -->
