<?xml version="1.0" encoding="UTF-8"?>
<!-- Generated by org.testng.reporters.JUnitXMLReporter -->
<testsuite ignored="0" hostname="MSI" failures="0" tests="6" name="SignUp" time="15.008" errors="0" timestamp="2022-12-08T12:40:13 EST">
  <testcase classname="tests.TCs_signUp" name="TC_1_emptyFirstAndLastName" time="2.603"/>
  <testcase classname="tests.TCs_signUp" name="TC_2_emptyMobileOrEmail" time="1.95"/>
  <testcase classname="tests.TCs_signUp" name="TC_3_emptyPassword" time="2.017"/>
  <testcase classname="tests.TCs_signUp" name="TC_4_emptyPasswordAgain" time="2.25"/>
  <testcase classname="tests.TCs_signUp" name="TC_5_wrongPasswordAgain" time="2.008"/>
  <testcase classname="tests.TCs_signUp" name="TC_6_invalidEmail" time="2.077"/>
</testsuite> <!-- SignUp -->
